<?xml version="1.0" encoding="UTF-8"?>
<TestRun id="4395f156-5dd3-49f8-9812-0da8e1473c97" name="lumiru@DARKLUM-WINXP 2016-06-16 16:04:46" runUser="DARKLUM-WINXP\lumiru" xmlns="http://microsoft.com/schemas/VisualStudio/TeamTest/2010">
  <TestSettings name="Local" id="b1c9dcbe-ca7c-4f12-a411-35e124fe68c4">
    <Description>Il s'agit des paramètres de test par défaut pour une série de tests locale.</Description>
    <Deployment enabled="false" runDeploymentRoot="lumiru_DARKLUM-WINXP 2016-06-16 16_04_46">
      <DeploymentItem filename="c:\documents and settings\lumiru\mes documents\visual studio 2010\Projects\StupidCalculatorLib\StupidCalculatorLib\bin\Debug\StupidCalculatorLib.dll" />
    </Deployment>
    <Execution>
      <TestTypeSpecific />
      <AgentRule name="Execution Agents">
      </AgentRule>
    </Execution>
  </TestSettings>
  <Times creation="2016-06-16T16:04:46.5073472+02:00" queuing="2016-06-16T16:04:46.5273760+02:00" start="2016-06-16T16:04:46.5874624+02:00" finish="2016-06-16T16:04:47.1883264+02:00" />
  <ResultSummary outcome="Completed">
    <Counters total="2" executed="2" passed="2" error="0" failed="0" timeout="0" aborted="0" inconclusive="0" passedButRunAborted="0" notRunnable="0" notExecuted="0" disconnected="0" warning="0" completed="0" inProgress="0" pending="0" />
  </ResultSummary>
  <TestDefinitions>
    <UnitTest name="TestMultiply" storage="c:\documents and settings\lumiru\mes documents\visual studio 2010\projects\stupidcalculatorlib\testlib\bin\debug\testlib.dll" id="b38e112f-b7fe-1ce4-f28e-125a257d6c4d">
      <Execution id="d203df99-e2b6-4d0e-8dbc-3acd9a487f04" />
      <TestMethod codeBase="c:/documents and settings/lumiru/mes documents/visual studio 2010/Projects/StupidCalculatorLib/TestLib/bin/Debug/TestLib.DLL" adapterTypeName="Microsoft.VisualStudio.TestTools.TestTypes.Unit.UnitTestAdapter, Microsoft.VisualStudio.QualityTools.Tips.UnitTest.Adapter, Version=10.0.0.0, Culture=neutral, PublicKeyToken=b03f5f7f11d50a3a" className="TestLib.UnitTest1, TestLib, Version=1.0.0.0, Culture=neutral, PublicKeyToken=null" name="TestMultiply" />
    </UnitTest>
    <UnitTest name="TestAddition" storage="c:\documents and settings\lumiru\mes documents\visual studio 2010\projects\stupidcalculatorlib\testlib\bin\debug\testlib.dll" id="798ddc9d-ec2d-3e03-a88d-d848e762ad9c">
      <Execution id="f0eefab0-dbd6-4c53-a514-d20c865d6458" />
      <TestMethod codeBase="c:/documents and settings/lumiru/mes documents/visual studio 2010/Projects/StupidCalculatorLib/TestLib/bin/Debug/TestLib.DLL" adapterTypeName="Microsoft.VisualStudio.TestTools.TestTypes.Unit.UnitTestAdapter, Microsoft.VisualStudio.QualityTools.Tips.UnitTest.Adapter, Version=10.0.0.0, Culture=neutral, PublicKeyToken=b03f5f7f11d50a3a" className="TestLib.UnitTest1, TestLib, Version=1.0.0.0, Culture=neutral, PublicKeyToken=null" name="TestAddition" />
    </UnitTest>
  </TestDefinitions>
  <TestLists>
    <TestList name="Les résultats ne figurent pas dans une liste" id="8c84fa94-04c1-424b-9868-57a2d4851a1d" />
    <TestList name="Tous les résultats chargés" id="19431567-8539-422a-85d7-44ee4e166bda" />
  </TestLists>
  <TestEntries>
    <TestEntry testId="798ddc9d-ec2d-3e03-a88d-d848e762ad9c" executionId="f0eefab0-dbd6-4c53-a514-d20c865d6458" testListId="8c84fa94-04c1-424b-9868-57a2d4851a1d" />
    <TestEntry testId="b38e112f-b7fe-1ce4-f28e-125a257d6c4d" executionId="d203df99-e2b6-4d0e-8dbc-3acd9a487f04" testListId="8c84fa94-04c1-424b-9868-57a2d4851a1d" />
  </TestEntries>
  <Results>
    <UnitTestResult executionId="f0eefab0-dbd6-4c53-a514-d20c865d6458" testId="798ddc9d-ec2d-3e03-a88d-d848e762ad9c" testName="TestAddition" computerName="DARKLUM-WINXP" duration="00:00:00.0178293" startTime="2016-06-16T16:04:46.7677216+02:00" endTime="2016-06-16T16:04:46.9980528+02:00" testType="13cdc9d9-ddb5-4fa4-a97d-d965ccfc6d4b" outcome="Passed" testListId="8c84fa94-04c1-424b-9868-57a2d4851a1d" relativeResultsDirectory="f0eefab0-dbd6-4c53-a514-d20c865d6458">
    </UnitTestResult>
    <UnitTestResult executionId="d203df99-e2b6-4d0e-8dbc-3acd9a487f04" testId="b38e112f-b7fe-1ce4-f28e-125a257d6c4d" testName="TestMultiply" computerName="DARKLUM-WINXP" duration="00:00:00.0006031" startTime="2016-06-16T16:04:46.9980528+02:00" endTime="2016-06-16T16:04:47.0080672+02:00" testType="13cdc9d9-ddb5-4fa4-a97d-d965ccfc6d4b" outcome="Passed" testListId="8c84fa94-04c1-424b-9868-57a2d4851a1d" relativeResultsDirectory="d203df99-e2b6-4d0e-8dbc-3acd9a487f04">
    </UnitTestResult>
  </Results>
</TestRun>